[debug] [2022-04-16T17:52:05.889Z] ----------------------------------------------------------------------
[debug] [2022-04-16T17:52:05.892Z] Command:       C:\Program Files\nodejs\node.exe C:\Users\rasuj\AppData\Roaming\npm\node_modules\firebase-tools\lib\bin\firebase.js init
[debug] [2022-04-16T17:52:05.892Z] CLI Version:   10.6.0
[debug] [2022-04-16T17:52:05.892Z] Platform:      win32
[debug] [2022-04-16T17:52:05.892Z] Node Version:  v16.13.1
[debug] [2022-04-16T17:52:05.894Z] Time:          Sat Apr 16 2022 23:52:05 GMT+0600 (Bangladesh Standard Time)
[debug] [2022-04-16T17:52:05.894Z] ----------------------------------------------------------------------
[debug] 
[debug] [2022-04-16T17:52:05.904Z] > command requires scopes: ["email","openid","https://www.googleapis.com/auth/cloudplatformprojects.readonly","https://www.googleapis.com/auth/firebase","https://www.googleapis.com/auth/cloud-platform"]
[debug] [2022-04-16T17:52:05.904Z] > authorizing via signed-in user (ras01965817278@gmail.com)
[info] 
     ######## #### ########  ######## ########     ###     ######  ########
     ##        ##  ##     ## ##       ##     ##  ##   ##  ##       ##
     ######    ##  ########  ######   ########  #########  ######  ######
     ##        ##  ##    ##  ##       ##     ## ##     ##       ## ##
     ##       #### ##     ## ######## ########  ##     ##  ######  ########

You're about to initialize a Firebase project in this directory:

  G:\JM-Batch-5\projects\10.React-Authentication\Assignment-10\assignment-10

[info] 
=== Project Setup
[info] 
[info] First, let's associate this project directory with a Firebase project.
[info] You can create multiple project aliases by running firebase use --add, 
[info] but for now we'll just set up a default project.
[info] 
[debug] [2022-04-16T17:52:20.169Z] >>> [apiv2][query] GET https://firebase.googleapis.com/v1beta1/projects pageSize=100
[debug] [2022-04-16T17:52:20.940Z] <<< [apiv2][status] GET https://firebase.googleapis.com/v1beta1/projects 200
[debug] [2022-04-16T17:52:20.940Z] <<< [apiv2][body] GET https://firebase.googleapis.com/v1beta1/projects [omitted]
[debug] [2022-04-16T17:52:56.088Z] Error: kill ENOSYS
    at process.kill (node:internal/process/per_thread:215:13)
    at process.listener (C:\Users\rasuj\AppData\Roaming\npm\node_modules\firebase-tools\node_modules\signal-exit\index.js:95:15)
    at process.emit (node:events:390:28)
[error] 
[error] Error: An unexpected error has occurred.
